TN:
SF:index.js
FN:9,(anonymous_0)
FNF:1
FNH:1
FNDA:9,(anonymous_0)
DA:3,9
DA:4,9
DA:5,9
DA:6,9
DA:7,9
DA:9,9
DA:11,9
DA:23,9
DA:24,9
DA:25,9
DA:28,9
DA:29,9
DA:31,9
DA:33,9
DA:34,0
DA:37,9
DA:38,9
DA:41,9
LF:18
LH:17
BRDA:33,0,0,0
BRDA:33,0,1,9
BRF:2
BRH:1
end_of_record
TN:
SF:lib/agent.js
FN:5,setupAgent
FN:6,createOrUpdate
FN:26,findById
FN:30,findByUuid
FN:38,findAll
FN:42,findConnected
FN:50,findByUsername
FNF:7
FNH:7
FNDA:9,setupAgent
FNDA:2,createOrUpdate
FNDA:1,findById
FNDA:1,findByUuid
FNDA:1,findAll
FNDA:1,findConnected
FNDA:1,findByUsername
DA:5,1
DA:7,2
DA:14,2
DA:16,2
DA:18,1
DA:19,1
DA:22,1
DA:23,1
DA:27,1
DA:31,1
DA:39,1
DA:43,1
DA:51,1
DA:59,9
LF:14
LH:14
BRDA:16,0,0,1
BRDA:16,0,1,1
BRDA:19,1,0,1
BRDA:19,1,1,0
BRF:4
BRH:3
end_of_record
TN:
SF:lib/db.js
FN:8,setupDatabase
FNF:1
FNH:1
FNDA:9,setupDatabase
DA:5,1
DA:6,1
DA:8,1
DA:10,9
DA:11,1
DA:13,9
LF:6
LH:6
BRDA:10,0,0,1
BRDA:10,0,1,8
BRF:2
BRH:2
end_of_record
TN:
SF:models/agent.js
FN:6,setupAgentModel
FNF:1
FNH:0
FNDA:0,setupAgentModel
DA:3,1
DA:4,1
DA:6,1
DA:7,0
DA:9,0
LF:5
LH:3
BRF:0
BRH:0
end_of_record
TN:
SF:models/metric.js
FN:6,setupMetricModel
FNF:1
FNH:0
FNDA:0,setupMetricModel
DA:3,1
DA:4,1
DA:6,1
DA:7,0
DA:9,0
LF:5
LH:3
BRF:0
BRH:0
end_of_record
